android/app/opencv/build/outputs/logs/manifest-merger-debug-report.txt
-- Merging decision tree log ---
manifest
ADDED from sdk\java\AndroidManifest.xml:2:1-3:12
INJECTED from sdk\java\AndroidManifest.xml:2:1-3:12
	package
		INJECTED from sdk\java\AndroidManifest.xml
	xmlns:android
		ADDED from sdk\java\AndroidManifest.xml:2:11-69
uses-sdk
INJECTED from sdk\java\AndroidManifest.xml reason: use-sdk injection requested
INJECTED from sdk\java\AndroidManifest.xml
INJECTED from sdk\java\AndroidManifest.xml
	android:targetSdkVersion
		INJECTED from sdk\java\AndroidManifest.xml
	android:minSdkVersion
		INJECTED from sdk\java\AndroidManifest.xml